mode: set
go.mamad.dev/telebot/animation_func.go:8.103,14.33 2 0
go.mamad.dev/telebot/animation_func.go:14.33,15.29 1 0
go.mamad.dev/telebot/animation_func.go:16.25,17.23 1 0
go.mamad.dev/telebot/animation_func.go:18.16,19.22 1 0
go.mamad.dev/telebot/animation_func.go:20.15,21.23 1 0
go.mamad.dev/telebot/animation_func.go:22.19,23.24 1 0
go.mamad.dev/telebot/animation_func.go:24.17,25.23 1 0
go.mamad.dev/telebot/animation_func.go:26.21,27.26 1 0
go.mamad.dev/telebot/animation_func.go:29.22,30.45 1 0
go.mamad.dev/telebot/animation_func.go:32.14,33.32 1 0
go.mamad.dev/telebot/animation_func.go:34.15,35.33 1 0
go.mamad.dev/telebot/animation_func.go:37.14,38.24 1 0
go.mamad.dev/telebot/animation_func.go:40.15,41.13 1 0
go.mamad.dev/telebot/animation_func.go:42.16,43.45 1 0
go.mamad.dev/telebot/animation_func.go:44.19,45.35 1 0
go.mamad.dev/telebot/animation_func.go:46.20,47.36 1 0
go.mamad.dev/telebot/animation_func.go:50.11,51.41 1 0
go.mamad.dev/telebot/animation_func.go:55.2,60.16 3 0
go.mamad.dev/telebot/animation_func.go:60.16,62.3 1 0
go.mamad.dev/telebot/animation_func.go:64.2,64.50 1 0
go.mamad.dev/telebot/animation_func.go:64.50,66.3 1 0
go.mamad.dev/telebot/animation_func.go:68.2,68.25 1 0
go.mamad.dev/telebot/audio_func.go:8.95,14.33 2 0
go.mamad.dev/telebot/audio_func.go:14.33,15.29 1 0
go.mamad.dev/telebot/audio_func.go:16.25,17.23 1 0
go.mamad.dev/telebot/audio_func.go:18.16,19.22 1 0
go.mamad.dev/telebot/audio_func.go:20.15,21.23 1 0
go.mamad.dev/telebot/audio_func.go:22.19,23.24 1 0
go.mamad.dev/telebot/audio_func.go:24.17,25.23 1 0
go.mamad.dev/telebot/audio_func.go:26.21,27.26 1 0
go.mamad.dev/telebot/audio_func.go:29.22,30.45 1 0
go.mamad.dev/telebot/audio_func.go:32.18,33.39 1 0
go.mamad.dev/telebot/audio_func.go:34.14,35.35 1 0
go.mamad.dev/telebot/audio_func.go:37.14,38.24 1 0
go.mamad.dev/telebot/audio_func.go:40.15,41.13 1 0
go.mamad.dev/telebot/audio_func.go:42.16,43.45 1 0
go.mamad.dev/telebot/audio_func.go:44.19,45.35 1 0
go.mamad.dev/telebot/audio_func.go:46.20,47.36 1 0
go.mamad.dev/telebot/audio_func.go:50.11,51.41 1 0
go.mamad.dev/telebot/audio_func.go:55.2,60.16 3 0
go.mamad.dev/telebot/audio_func.go:60.16,62.3 1 0
go.mamad.dev/telebot/audio_func.go:64.2,64.50 1 0
go.mamad.dev/telebot/audio_func.go:64.50,66.3 1 0
go.mamad.dev/telebot/audio_func.go:68.2,68.25 1 0
go.mamad.dev/telebot/boosts_func.go:5.94,12.16 3 0
go.mamad.dev/telebot/boosts_func.go:12.16,14.3 1 0
go.mamad.dev/telebot/boosts_func.go:16.2,20.50 2 0
go.mamad.dev/telebot/boosts_func.go:20.50,22.3 1 0
go.mamad.dev/telebot/boosts_func.go:24.2,24.26 1 0
go.mamad.dev/telebot/bot.go:8.38,9.19 1 1
go.mamad.dev/telebot/bot.go:9.19,18.3 2 0
go.mamad.dev/telebot/bot.go:20.2,21.16 2 1
go.mamad.dev/telebot/bot.go:21.16,23.3 1 0
go.mamad.dev/telebot/bot.go:25.2,29.50 2 1
go.mamad.dev/telebot/bot.go:29.50,31.3 1 0
go.mamad.dev/telebot/bot.go:33.2,33.26 1 1
go.mamad.dev/telebot/bot.go:36.59,39.27 2 0
go.mamad.dev/telebot/bot.go:39.27,40.26 1 0
go.mamad.dev/telebot/bot.go:41.25,42.20 1 0
go.mamad.dev/telebot/bot.go:43.15,44.23 1 0
go.mamad.dev/telebot/bot.go:48.2,49.16 2 0
go.mamad.dev/telebot/bot.go:49.16,51.3 1 0
go.mamad.dev/telebot/bot.go:53.2,57.50 2 0
go.mamad.dev/telebot/bot.go:57.50,59.3 1 0
go.mamad.dev/telebot/bot.go:61.2,61.25 1 0
go.mamad.dev/telebot/bot.go:64.69,69.27 2 0
go.mamad.dev/telebot/bot.go:69.27,70.26 1 0
go.mamad.dev/telebot/bot.go:71.25,72.20 1 0
go.mamad.dev/telebot/bot.go:73.15,74.23 1 0
go.mamad.dev/telebot/bot.go:78.2,79.12 2 0
go.mamad.dev/telebot/bot.go:82.49,85.27 2 0
go.mamad.dev/telebot/bot.go:85.27,86.26 1 0
go.mamad.dev/telebot/bot.go:87.25,88.20 1 0
go.mamad.dev/telebot/bot.go:89.15,90.23 1 0
go.mamad.dev/telebot/bot.go:94.2,95.12 2 0
go.mamad.dev/telebot/bot.go:98.55,103.27 2 0
go.mamad.dev/telebot/bot.go:103.27,104.26 1 0
go.mamad.dev/telebot/bot.go:105.15,106.23 1 0
go.mamad.dev/telebot/bot.go:110.2,111.12 2 0
go.mamad.dev/telebot/bot.go:114.53,117.27 2 0
go.mamad.dev/telebot/bot.go:117.27,118.26 1 0
go.mamad.dev/telebot/bot.go:119.15,120.23 1 0
go.mamad.dev/telebot/bot.go:124.2,125.16 2 0
go.mamad.dev/telebot/bot.go:125.16,127.3 1 0
go.mamad.dev/telebot/bot.go:129.2,133.50 2 0
go.mamad.dev/telebot/bot.go:133.50,135.3 1 0
go.mamad.dev/telebot/bot.go:137.2,137.26 1 0
go.mamad.dev/telebot/bot.go:140.69,145.27 2 0
go.mamad.dev/telebot/bot.go:145.27,146.26 1 0
go.mamad.dev/telebot/bot.go:147.15,148.23 1 0
go.mamad.dev/telebot/bot.go:152.2,153.12 2 0
go.mamad.dev/telebot/bot.go:156.60,159.27 2 0
go.mamad.dev/telebot/bot.go:159.27,160.26 1 0
go.mamad.dev/telebot/bot.go:161.15,162.23 1 0
go.mamad.dev/telebot/bot.go:166.2,167.16 2 0
go.mamad.dev/telebot/bot.go:167.16,169.3 1 0
go.mamad.dev/telebot/bot.go:171.2,175.50 2 0
go.mamad.dev/telebot/bot.go:175.50,177.3 1 0
go.mamad.dev/telebot/bot.go:179.2,179.26 1 0
go.mamad.dev/telebot/bot.go:182.74,187.27 2 0
go.mamad.dev/telebot/bot.go:187.27,188.26 1 0
go.mamad.dev/telebot/bot.go:189.15,190.23 1 0
go.mamad.dev/telebot/bot.go:194.2,195.12 2 0
go.mamad.dev/telebot/bot.go:198.65,201.27 2 0
go.mamad.dev/telebot/bot.go:201.27,202.26 1 0
go.mamad.dev/telebot/bot.go:203.15,204.23 1 0
go.mamad.dev/telebot/bot.go:208.2,209.16 2 0
go.mamad.dev/telebot/bot.go:209.16,211.3 1 0
go.mamad.dev/telebot/bot.go:213.2,217.50 2 0
go.mamad.dev/telebot/bot.go:217.50,219.3 1 0
go.mamad.dev/telebot/bot.go:221.2,221.26 1 0
go.mamad.dev/telebot/bot.go:224.52,227.27 2 0
go.mamad.dev/telebot/bot.go:227.27,228.26 1 0
go.mamad.dev/telebot/bot.go:229.18,230.33 1 0
go.mamad.dev/telebot/bot.go:231.20,232.21 1 0
go.mamad.dev/telebot/bot.go:236.2,237.12 2 0
go.mamad.dev/telebot/bot.go:240.67,243.27 2 0
go.mamad.dev/telebot/bot.go:243.27,244.26 1 0
go.mamad.dev/telebot/bot.go:245.18,246.33 1 0
go.mamad.dev/telebot/bot.go:247.20,248.21 1 0
go.mamad.dev/telebot/bot.go:252.2,253.16 2 0
go.mamad.dev/telebot/bot.go:253.16,255.3 1 0
go.mamad.dev/telebot/bot.go:257.2,261.50 2 0
go.mamad.dev/telebot/bot.go:261.50,263.3 1 0
go.mamad.dev/telebot/bot.go:265.2,265.26 1 0
go.mamad.dev/telebot/bot.go:268.64,271.27 2 0
go.mamad.dev/telebot/bot.go:271.27,272.26 1 0
go.mamad.dev/telebot/bot.go:273.16,274.21 1 0
go.mamad.dev/telebot/bot.go:275.13,276.26 1 0
go.mamad.dev/telebot/bot.go:280.2,281.12 2 0
go.mamad.dev/telebot/bot.go:284.75,287.27 2 0
go.mamad.dev/telebot/bot.go:287.27,288.26 1 0
go.mamad.dev/telebot/bot.go:289.13,290.26 1 0
go.mamad.dev/telebot/bot.go:294.2,295.16 2 0
go.mamad.dev/telebot/bot.go:295.16,297.3 1 0
go.mamad.dev/telebot/bot.go:299.2,303.50 2 0
go.mamad.dev/telebot/bot.go:303.50,305.3 1 0
go.mamad.dev/telebot/bot.go:307.2,307.26 1 0
go.mamad.dev/telebot/callback.go:20.36,22.2 1 0
go.mamad.dev/telebot/callback.go:25.50,27.2 1 0
go.mamad.dev/telebot/callback.go:30.50,32.2 1 0
go.mamad.dev/telebot/callback.go:35.36,38.2 2 0
go.mamad.dev/telebot/callback_func.go:8.74,13.27 2 0
go.mamad.dev/telebot/callback_func.go:13.27,14.26 1 0
go.mamad.dev/telebot/callback_func.go:15.15,16.19 1 0
go.mamad.dev/telebot/callback_func.go:17.13,18.19 1 0
go.mamad.dev/telebot/callback_func.go:19.22,20.35 1 0
go.mamad.dev/telebot/callback_func.go:21.17,22.27 1 0
go.mamad.dev/telebot/callback_func.go:26.2,27.12 2 0
go.mamad.dev/telebot/chat.go:176.32,179.2 2 0
go.mamad.dev/telebot/chat.go:182.35,184.2 1 1
go.mamad.dev/telebot/chat_action_func.go:3.76,11.2 3 0
go.mamad.dev/telebot/chat_func.go:10.97,16.22 2 0
go.mamad.dev/telebot/chat_func.go:16.22,18.3 1 0
go.mamad.dev/telebot/chat_func.go:20.2,20.27 1 0
go.mamad.dev/telebot/chat_func.go:20.27,22.3 1 0
go.mamad.dev/telebot/chat_func.go:24.2,25.12 2 0
go.mamad.dev/telebot/chat_func.go:28.79,35.25 2 0
go.mamad.dev/telebot/chat_func.go:35.25,37.3 1 0
go.mamad.dev/telebot/chat_func.go:39.2,40.12 2 0
go.mamad.dev/telebot/chat_func.go:43.154,52.42 2 0
go.mamad.dev/telebot/chat_func.go:52.42,54.3 1 0
go.mamad.dev/telebot/chat_func.go:56.2,56.22 1 0
go.mamad.dev/telebot/chat_func.go:56.22,58.3 1 0
go.mamad.dev/telebot/chat_func.go:60.2,61.12 2 0
go.mamad.dev/telebot/chat_func.go:64.92,70.29 3 0
go.mamad.dev/telebot/chat_func.go:70.29,73.64 2 0
go.mamad.dev/telebot/chat_func.go:73.64,75.4 1 0
go.mamad.dev/telebot/chat_func.go:75.9,77.4 1 0
go.mamad.dev/telebot/chat_func.go:80.2,81.12 2 0
go.mamad.dev/telebot/chat_func.go:84.105,91.2 2 0
go.mamad.dev/telebot/chat_func.go:93.71,99.2 2 0
go.mamad.dev/telebot/chat_func.go:101.73,107.2 2 0
go.mamad.dev/telebot/chat_func.go:109.124,116.2 2 0
go.mamad.dev/telebot/chat_func.go:118.71,124.16 3 0
go.mamad.dev/telebot/chat_func.go:124.16,126.3 1 0
go.mamad.dev/telebot/chat_func.go:128.2,132.16 3 0
go.mamad.dev/telebot/chat_func.go:132.16,134.3 1 0
go.mamad.dev/telebot/chat_func.go:136.2,136.28 1 0
go.mamad.dev/telebot/chat_func.go:139.152,151.16 4 0
go.mamad.dev/telebot/chat_func.go:151.16,153.3 1 0
go.mamad.dev/telebot/chat_func.go:154.2,155.16 2 0
go.mamad.dev/telebot/chat_func.go:155.16,157.3 1 0
go.mamad.dev/telebot/chat_func.go:158.2,158.28 1 0
go.mamad.dev/telebot/chat_func.go:161.162,174.16 4 0
go.mamad.dev/telebot/chat_func.go:174.16,176.3 1 0
go.mamad.dev/telebot/chat_func.go:177.2,178.16 2 0
go.mamad.dev/telebot/chat_func.go:178.16,180.3 1 0
go.mamad.dev/telebot/chat_func.go:181.2,181.28 1 0
go.mamad.dev/telebot/chat_func.go:184.98,193.16 4 0
go.mamad.dev/telebot/chat_func.go:193.16,195.3 1 0
go.mamad.dev/telebot/chat_func.go:196.2,197.16 2 0
go.mamad.dev/telebot/chat_func.go:197.16,199.3 1 0
go.mamad.dev/telebot/chat_func.go:200.2,200.28 1 0
go.mamad.dev/telebot/chat_func.go:203.76,210.2 3 0
go.mamad.dev/telebot/chat_func.go:212.76,219.2 3 0
go.mamad.dev/telebot/chat_func.go:221.64,228.2 3 0
go.mamad.dev/telebot/chat_func.go:230.55,236.2 3 0
go.mamad.dev/telebot/chat_func.go:238.66,245.2 3 0
go.mamad.dev/telebot/chat_func.go:247.78,254.2 3 0
go.mamad.dev/telebot/chat_func.go:256.95,264.2 3 0
go.mamad.dev/telebot/chat_func.go:266.71,273.2 3 0
go.mamad.dev/telebot/chat_func.go:275.60,281.2 3 0
go.mamad.dev/telebot/chat_func.go:283.49,289.2 3 0
go.mamad.dev/telebot/chat_func.go:291.56,299.16 4 0
go.mamad.dev/telebot/chat_func.go:299.16,301.3 1 0
go.mamad.dev/telebot/chat_func.go:302.2,303.28 2 0
go.mamad.dev/telebot/chat_func.go:306.77,314.16 4 0
go.mamad.dev/telebot/chat_func.go:314.16,316.3 1 0
go.mamad.dev/telebot/chat_func.go:317.2,318.27 2 0
go.mamad.dev/telebot/chat_func.go:321.66,329.16 4 0
go.mamad.dev/telebot/chat_func.go:329.16,331.3 1 0
go.mamad.dev/telebot/chat_func.go:332.2,333.28 2 0
go.mamad.dev/telebot/chat_func.go:336.82,345.16 4 0
go.mamad.dev/telebot/chat_func.go:345.16,347.3 1 0
go.mamad.dev/telebot/chat_func.go:348.2,349.28 2 0
go.mamad.dev/telebot/chat_func.go:352.80,359.2 3 0
go.mamad.dev/telebot/chat_func.go:361.60,367.2 3 0
go.mamad.dev/telebot/chat_type.go:220.47,221.11 1 0
go.mamad.dev/telebot/chat_type.go:222.19,223.23 1 0
go.mamad.dev/telebot/chat_type.go:224.21,225.25 1 0
go.mamad.dev/telebot/chat_type.go:226.25,227.29 1 0
go.mamad.dev/telebot/chat_type.go:228.27,229.31 1 0
go.mamad.dev/telebot/chat_type.go:230.26,231.30 1 0
go.mamad.dev/telebot/chat_type.go:232.25,233.29 1 0
go.mamad.dev/telebot/chat_type.go:234.21,235.25 1 0
go.mamad.dev/telebot/chat_type.go:236.22,237.26 1 0
go.mamad.dev/telebot/chat_type.go:238.23,239.27 1 0
go.mamad.dev/telebot/chat_type.go:240.23,241.27 1 0
go.mamad.dev/telebot/chat_type.go:242.22,243.26 1 0
go.mamad.dev/telebot/chat_type.go:244.22,245.26 1 0
go.mamad.dev/telebot/chat_type.go:246.22,247.26 1 0
go.mamad.dev/telebot/chat_type.go:248.24,249.28 1 0
go.mamad.dev/telebot/chat_type.go:250.23,251.27 1 0
go.mamad.dev/telebot/chat_type.go:252.10,253.60 1 0
go.mamad.dev/telebot/context.go:42.35,44.2 1 0
go.mamad.dev/telebot/context.go:46.41,48.2 1 0
go.mamad.dev/telebot/context.go:50.54,51.9 1 0
go.mamad.dev/telebot/context.go:52.26,53.21 1 0
go.mamad.dev/telebot/context.go:54.32,55.53 1 0
go.mamad.dev/telebot/context.go:56.32,57.27 1 0
go.mamad.dev/telebot/context.go:58.30,59.43 1 0
go.mamad.dev/telebot/context.go:59.43,61.4 1 0
go.mamad.dev/telebot/context.go:62.3,62.25 1 0
go.mamad.dev/telebot/context.go:63.36,64.31 1 0
go.mamad.dev/telebot/context.go:65.10,66.13 1 0
go.mamad.dev/telebot/context.go:70.46,72.2 1 0
go.mamad.dev/telebot/context.go:74.46,76.2 1 0
go.mamad.dev/telebot/context.go:78.52,82.20 3 1
go.mamad.dev/telebot/context.go:82.20,84.3 1 1
go.mamad.dev/telebot/context.go:85.2,85.22 1 1
go.mamad.dev/telebot/context.go:88.45,92.2 3 1
go.mamad.dev/telebot/debug.go:5.38,6.29 1 0
go.mamad.dev/telebot/debug.go:6.29,8.3 1 0
go.mamad.dev/telebot/document_func.go:7.96,13.33 2 0
go.mamad.dev/telebot/document_func.go:13.33,14.29 1 0
go.mamad.dev/telebot/document_func.go:15.25,16.23 1 0
go.mamad.dev/telebot/document_func.go:17.16,18.22 1 0
go.mamad.dev/telebot/document_func.go:19.15,20.23 1 0
go.mamad.dev/telebot/document_func.go:21.19,22.24 1 0
go.mamad.dev/telebot/document_func.go:23.17,24.23 1 0
go.mamad.dev/telebot/document_func.go:25.21,26.26 1 0
go.mamad.dev/telebot/document_func.go:28.15,29.13 1 0
go.mamad.dev/telebot/document_func.go:30.16,31.45 1 0
go.mamad.dev/telebot/document_func.go:32.19,33.35 1 0
go.mamad.dev/telebot/document_func.go:34.20,35.36 1 0
go.mamad.dev/telebot/document_func.go:36.37,37.53 1 0
go.mamad.dev/telebot/document_func.go:40.11,41.41 1 0
go.mamad.dev/telebot/document_func.go:45.2,50.16 3 0
go.mamad.dev/telebot/document_func.go:50.16,52.3 1 0
go.mamad.dev/telebot/document_func.go:54.2,54.50 1 0
go.mamad.dev/telebot/document_func.go:54.50,56.3 1 0
go.mamad.dev/telebot/document_func.go:58.2,58.25 1 0
go.mamad.dev/telebot/errors.go:28.31,30.2 1 0
go.mamad.dev/telebot/errors.go:33.34,35.15 2 0
go.mamad.dev/telebot/errors.go:35.15,37.22 2 0
go.mamad.dev/telebot/errors.go:37.22,39.4 1 0
go.mamad.dev/telebot/errors.go:39.9,41.4 1 0
go.mamad.dev/telebot/errors.go:43.2,43.56 1 0
go.mamad.dev/telebot/errors.go:47.38,49.2 1 0
go.mamad.dev/telebot/errors.go:52.38,54.2 1 0
go.mamad.dev/telebot/errors.go:58.48,60.20 2 1
go.mamad.dev/telebot/errors.go:60.20,62.3 1 1
go.mamad.dev/telebot/errors.go:63.2,63.20 1 1
go.mamad.dev/telebot/errors.go:63.20,65.3 1 1
go.mamad.dev/telebot/errors.go:66.2,66.12 1 1
go.mamad.dev/telebot/errors.go:135.26,136.11 1 0
go.mamad.dev/telebot/errors.go:137.24,138.21 1 0
go.mamad.dev/telebot/errors.go:139.28,140.25 1 0
go.mamad.dev/telebot/errors.go:141.24,142.21 1 0
go.mamad.dev/telebot/errors.go:143.24,144.21 1 0
go.mamad.dev/telebot/errors.go:145.29,146.26 1 0
go.mamad.dev/telebot/errors.go:147.30,148.27 1 0
go.mamad.dev/telebot/errors.go:149.29,150.26 1 0
go.mamad.dev/telebot/errors.go:151.31,152.28 1 0
go.mamad.dev/telebot/errors.go:153.31,154.28 1 0
go.mamad.dev/telebot/errors.go:155.30,156.27 1 0
go.mamad.dev/telebot/errors.go:157.35,158.32 1 0
go.mamad.dev/telebot/errors.go:159.36,160.33 1 0
go.mamad.dev/telebot/errors.go:161.28,162.25 1 0
go.mamad.dev/telebot/errors.go:163.27,164.24 1 0
go.mamad.dev/telebot/errors.go:165.28,166.25 1 0
go.mamad.dev/telebot/errors.go:167.25,168.22 1 0
go.mamad.dev/telebot/errors.go:169.34,170.31 1 0
go.mamad.dev/telebot/errors.go:171.29,172.26 1 0
go.mamad.dev/telebot/errors.go:173.34,174.31 1 0
go.mamad.dev/telebot/errors.go:175.32,176.29 1 0
go.mamad.dev/telebot/errors.go:177.34,178.31 1 0
go.mamad.dev/telebot/errors.go:179.30,180.27 1 0
go.mamad.dev/telebot/errors.go:181.34,182.31 1 0
go.mamad.dev/telebot/errors.go:183.35,184.32 1 0
go.mamad.dev/telebot/errors.go:185.38,186.35 1 0
go.mamad.dev/telebot/errors.go:187.32,188.29 1 0
go.mamad.dev/telebot/errors.go:189.33,190.30 1 0
go.mamad.dev/telebot/errors.go:191.31,192.28 1 0
go.mamad.dev/telebot/errors.go:193.27,194.24 1 0
go.mamad.dev/telebot/errors.go:195.34,196.31 1 0
go.mamad.dev/telebot/errors.go:197.36,198.33 1 0
go.mamad.dev/telebot/errors.go:199.33,200.30 1 0
go.mamad.dev/telebot/errors.go:201.37,202.34 1 0
go.mamad.dev/telebot/errors.go:203.38,204.35 1 0
go.mamad.dev/telebot/errors.go:205.29,206.26 1 0
go.mamad.dev/telebot/errors.go:207.30,208.27 1 0
go.mamad.dev/telebot/errors.go:209.27,210.24 1 0
go.mamad.dev/telebot/errors.go:211.27,212.24 1 0
go.mamad.dev/telebot/errors.go:213.36,214.33 1 0
go.mamad.dev/telebot/errors.go:215.33,216.30 1 0
go.mamad.dev/telebot/errors.go:217.34,218.31 1 0
go.mamad.dev/telebot/errors.go:219.33,220.30 1 0
go.mamad.dev/telebot/errors.go:221.34,222.31 1 0
go.mamad.dev/telebot/errors.go:223.24,224.21 1 0
go.mamad.dev/telebot/errors.go:225.29,226.26 1 0
go.mamad.dev/telebot/errors.go:227.31,228.28 1 0
go.mamad.dev/telebot/errors.go:229.36,230.33 1 0
go.mamad.dev/telebot/errors.go:231.33,232.30 1 0
go.mamad.dev/telebot/errors.go:233.32,234.29 1 0
go.mamad.dev/telebot/errors.go:235.33,236.30 1 0
go.mamad.dev/telebot/errors.go:237.30,238.27 1 0
go.mamad.dev/telebot/errors.go:239.10,240.13 1 0
go.mamad.dev/telebot/errors.go:245.33,246.16 1 0
go.mamad.dev/telebot/errors.go:246.16,248.3 1 0
go.mamad.dev/telebot/errors.go:249.2,249.39 1 0
go.mamad.dev/telebot/errors.go:252.25,253.16 1 0
go.mamad.dev/telebot/errors.go:253.16,254.13 1 0
go.mamad.dev/telebot/files.go:44.37,46.2 1 0
go.mamad.dev/telebot/files.go:56.31,58.2 1 0
go.mamad.dev/telebot/files.go:68.40,70.2 1 0
go.mamad.dev/telebot/files.go:72.34,73.16 1 0
go.mamad.dev/telebot/files.go:73.16,75.3 1 0
go.mamad.dev/telebot/files.go:77.2,77.21 1 0
go.mamad.dev/telebot/files.go:77.21,79.3 1 0
go.mamad.dev/telebot/files.go:83.31,85.2 1 0
go.mamad.dev/telebot/files.go:88.30,91.2 2 0
go.mamad.dev/telebot/files.go:93.35,95.2 1 0
go.mamad.dev/telebot/files.go:96.36,98.2 1 0
go.mamad.dev/telebot/files.go:99.37,101.2 1 0
go.mamad.dev/telebot/files.go:102.38,104.2 1 0
go.mamad.dev/telebot/files.go:105.36,107.2 1 0
go.mamad.dev/telebot/files.go:108.37,110.2 1 0
go.mamad.dev/telebot/files.go:111.42,113.2 1 0
go.mamad.dev/telebot/files.go:116.46,118.2 1 0
go.mamad.dev/telebot/files.go:121.46,123.2 1 0
go.mamad.dev/telebot/files.go:125.32,128.2 2 0
go.mamad.dev/telebot/files_func.go:10.53,21.16 4 0
go.mamad.dev/telebot/files_func.go:21.16,23.3 1 0
go.mamad.dev/telebot/files_func.go:25.2,25.50 1 0
go.mamad.dev/telebot/files_func.go:25.50,27.3 1 0
go.mamad.dev/telebot/files_func.go:29.2,29.26 1 0
go.mamad.dev/telebot/files_func.go:34.29,36.2 1 0
go.mamad.dev/telebot/files_func.go:38.43,41.16 2 0
go.mamad.dev/telebot/files_func.go:41.16,43.3 1 0
go.mamad.dev/telebot/files_func.go:45.2,49.16 3 0
go.mamad.dev/telebot/files_func.go:49.16,51.3 1 0
go.mamad.dev/telebot/files_func.go:53.2,53.19 1 0
go.mamad.dev/telebot/files_func.go:53.19,55.3 1 0
go.mamad.dev/telebot/files_func.go:57.2,57.51 1 0
go.mamad.dev/telebot/files_func.go:60.97,73.16 4 0
go.mamad.dev/telebot/files_func.go:73.16,75.3 1 0
go.mamad.dev/telebot/files_func.go:77.2,77.50 1 0
go.mamad.dev/telebot/files_func.go:77.50,79.3 1 0
go.mamad.dev/telebot/files_func.go:81.2,81.26 1 0
go.mamad.dev/telebot/forward_func.go:7.109,14.27 2 0
go.mamad.dev/telebot/forward_func.go:14.27,15.26 1 0
go.mamad.dev/telebot/forward_func.go:16.15,17.13 1 0
go.mamad.dev/telebot/forward_func.go:18.16,19.45 1 0
go.mamad.dev/telebot/forward_func.go:20.19,21.33 1 0
go.mamad.dev/telebot/forward_func.go:23.25,24.30 1 0
go.mamad.dev/telebot/forward_func.go:28.2,29.16 2 0
go.mamad.dev/telebot/forward_func.go:29.16,31.3 1 0
go.mamad.dev/telebot/forward_func.go:33.2,36.50 2 0
go.mamad.dev/telebot/forward_func.go:36.50,38.3 1 0
go.mamad.dev/telebot/forward_func.go:40.2,40.26 1 0
go.mamad.dev/telebot/forward_func.go:43.100,50.27 2 0
go.mamad.dev/telebot/forward_func.go:50.27,51.26 1 0
go.mamad.dev/telebot/forward_func.go:52.15,53.13 1 0
go.mamad.dev/telebot/forward_func.go:54.16,55.45 1 0
go.mamad.dev/telebot/forward_func.go:56.19,57.33 1 0
go.mamad.dev/telebot/forward_func.go:59.25,60.30 1 0
go.mamad.dev/telebot/forward_func.go:64.2,65.16 2 0
go.mamad.dev/telebot/forward_func.go:65.16,67.3 1 0
go.mamad.dev/telebot/forward_func.go:69.2,72.50 2 0
go.mamad.dev/telebot/forward_func.go:72.50,74.3 1 0
go.mamad.dev/telebot/forward_func.go:76.2,76.25 1 0
go.mamad.dev/telebot/forward_func.go:79.96,86.27 2 0
go.mamad.dev/telebot/forward_func.go:86.27,87.26 1 0
go.mamad.dev/telebot/forward_func.go:88.15,89.13 1 0
go.mamad.dev/telebot/forward_func.go:90.16,91.45 1 0
go.mamad.dev/telebot/forward_func.go:92.19,93.33 1 0
go.mamad.dev/telebot/forward_func.go:94.23,95.39 1 0
go.mamad.dev/telebot/forward_func.go:97.25,98.30 1 0
go.mamad.dev/telebot/forward_func.go:102.2,103.16 2 0
go.mamad.dev/telebot/forward_func.go:103.16,105.3 1 0
go.mamad.dev/telebot/forward_func.go:107.2,111.50 2 0
go.mamad.dev/telebot/forward_func.go:111.50,113.3 1 0
go.mamad.dev/telebot/forward_func.go:115.2,115.25 1 0
go.mamad.dev/telebot/http_client.go:12.76,13.19 1 1
go.mamad.dev/telebot/http_client.go:13.19,15.3 1 0
go.mamad.dev/telebot/http_client.go:17.2,18.16 2 1
go.mamad.dev/telebot/http_client.go:18.16,20.3 1 0
go.mamad.dev/telebot/http_client.go:21.2,23.16 3 1
go.mamad.dev/telebot/http_client.go:23.16,25.3 1 0
go.mamad.dev/telebot/http_client.go:27.2,27.30 1 1
go.mamad.dev/telebot/http_client.go:30.81,32.2 1 0
go.mamad.dev/telebot/http_client.go:34.44,38.34 3 1
go.mamad.dev/telebot/http_client.go:38.34,41.3 1 1
go.mamad.dev/telebot/http_client.go:43.2,45.38 2 1
go.mamad.dev/telebot/http_client.go:45.38,48.38 3 1
go.mamad.dev/telebot/http_client.go:48.38,49.12 1 0
go.mamad.dev/telebot/http_client.go:52.3,52.45 1 1
go.mamad.dev/telebot/http_client.go:55.2,55.15 1 1
go.mamad.dev/telebot/http_client.go:58.35,66.62 2 1
go.mamad.dev/telebot/http_client.go:66.62,68.3 1 0
go.mamad.dev/telebot/http_client.go:70.2,70.10 1 1
go.mamad.dev/telebot/http_client.go:70.10,72.3 1 1
go.mamad.dev/telebot/http_client.go:74.2,75.13 2 0
go.mamad.dev/telebot/http_client.go:76.11,76.11 0 0
go.mamad.dev/telebot/http_client.go:77.24,79.10 2 0
go.mamad.dev/telebot/http_client.go:79.10,81.4 1 0
go.mamad.dev/telebot/http_client.go:83.3,86.4 1 0
go.mamad.dev/telebot/http_client.go:87.10,88.13 1 0
go.mamad.dev/telebot/http_client.go:91.2,91.16 1 0
go.mamad.dev/telebot/http_client.go:92.34,94.10 2 0
go.mamad.dev/telebot/http_client.go:94.10,96.4 1 0
go.mamad.dev/telebot/http_client.go:98.3,101.4 1 0
go.mamad.dev/telebot/http_client.go:102.10,103.63 1 0
go.mamad.dev/telebot/http_client.go:106.2,106.12 1 0
go.mamad.dev/telebot/http_client_type.go:127.33,128.11 1 1
go.mamad.dev/telebot/http_client_type.go:129.24,130.22 1 0
go.mamad.dev/telebot/http_client_type.go:131.24,132.22 1 0
go.mamad.dev/telebot/http_client_type.go:133.27,134.25 1 0
go.mamad.dev/telebot/http_client_type.go:135.28,136.26 1 0
go.mamad.dev/telebot/http_client_type.go:137.19,138.17 1 1
go.mamad.dev/telebot/http_client_type.go:139.20,140.18 1 0
go.mamad.dev/telebot/http_client_type.go:141.19,142.17 1 0
go.mamad.dev/telebot/http_client_type.go:143.25,144.23 1 1
go.mamad.dev/telebot/http_client_type.go:145.29,146.27 1 0
go.mamad.dev/telebot/http_client_type.go:147.32,148.30 1 0
go.mamad.dev/telebot/http_client_type.go:149.30,150.28 1 0
go.mamad.dev/telebot/http_client_type.go:151.37,152.35 1 0
go.mamad.dev/telebot/http_client_type.go:153.37,154.35 1 0
go.mamad.dev/telebot/http_client_type.go:155.36,156.34 1 0
go.mamad.dev/telebot/http_client_type.go:157.22,158.20 1 0
go.mamad.dev/telebot/http_client_type.go:159.28,160.26 1 0
go.mamad.dev/telebot/http_client_type.go:161.29,162.27 1 0
go.mamad.dev/telebot/http_client_type.go:163.26,164.24 1 0
go.mamad.dev/telebot/http_client_type.go:165.23,166.21 1 0
go.mamad.dev/telebot/http_client_type.go:167.23,168.21 1 0
go.mamad.dev/telebot/http_client_type.go:169.26,170.24 1 0
go.mamad.dev/telebot/http_client_type.go:171.23,172.21 1 0
go.mamad.dev/telebot/http_client_type.go:173.27,174.25 1 0
go.mamad.dev/telebot/http_client_type.go:175.23,176.21 1 0
go.mamad.dev/telebot/http_client_type.go:177.27,178.25 1 0
go.mamad.dev/telebot/http_client_type.go:179.28,180.26 1 0
go.mamad.dev/telebot/http_client_type.go:181.26,182.24 1 0
go.mamad.dev/telebot/http_client_type.go:183.23,184.21 1 0
go.mamad.dev/telebot/http_client_type.go:185.25,186.23 1 0
go.mamad.dev/telebot/http_client_type.go:187.22,188.20 1 0
go.mamad.dev/telebot/http_client_type.go:189.22,190.20 1 0
go.mamad.dev/telebot/http_client_type.go:191.28,192.26 1 0
go.mamad.dev/telebot/http_client_type.go:193.32,194.30 1 0
go.mamad.dev/telebot/http_client_type.go:195.34,196.32 1 0
go.mamad.dev/telebot/http_client_type.go:197.21,198.19 1 0
go.mamad.dev/telebot/http_client_type.go:199.27,200.25 1 0
go.mamad.dev/telebot/http_client_type.go:201.29,202.27 1 0
go.mamad.dev/telebot/http_client_type.go:203.32,204.30 1 0
go.mamad.dev/telebot/http_client_type.go:205.31,206.29 1 0
go.mamad.dev/telebot/http_client_type.go:207.45,208.43 1 0
go.mamad.dev/telebot/http_client_type.go:209.31,210.29 1 0
go.mamad.dev/telebot/http_client_type.go:211.33,212.31 1 0
go.mamad.dev/telebot/http_client_type.go:213.32,214.30 1 0
go.mamad.dev/telebot/http_client_type.go:215.34,216.32 1 0
go.mamad.dev/telebot/http_client_type.go:217.34,218.32 1 0
go.mamad.dev/telebot/http_client_type.go:219.32,220.30 1 0
go.mamad.dev/telebot/http_client_type.go:221.34,222.32 1 0
go.mamad.dev/telebot/http_client_type.go:223.36,224.34 1 0
go.mamad.dev/telebot/http_client_type.go:225.36,226.34 1 0
go.mamad.dev/telebot/http_client_type.go:227.26,228.24 1 0
go.mamad.dev/telebot/http_client_type.go:229.29,230.27 1 0
go.mamad.dev/telebot/http_client_type.go:231.26,232.24 1 0
go.mamad.dev/telebot/http_client_type.go:233.32,234.30 1 0
go.mamad.dev/telebot/http_client_type.go:235.28,236.26 1 0
go.mamad.dev/telebot/http_client_type.go:237.30,238.28 1 0
go.mamad.dev/telebot/http_client_type.go:239.34,240.32 1 0
go.mamad.dev/telebot/http_client_type.go:241.23,242.21 1 0
go.mamad.dev/telebot/http_client_type.go:243.21,244.19 1 0
go.mamad.dev/telebot/http_client_type.go:245.35,246.33 1 0
go.mamad.dev/telebot/http_client_type.go:247.32,248.30 1 0
go.mamad.dev/telebot/http_client_type.go:249.27,250.25 1 0
go.mamad.dev/telebot/http_client_type.go:251.31,252.29 1 0
go.mamad.dev/telebot/http_client_type.go:253.34,254.32 1 0
go.mamad.dev/telebot/http_client_type.go:255.39,256.37 1 0
go.mamad.dev/telebot/http_client_type.go:257.30,258.28 1 0
go.mamad.dev/telebot/http_client_type.go:259.28,260.26 1 0
go.mamad.dev/telebot/http_client_type.go:261.29,262.27 1 0
go.mamad.dev/telebot/http_client_type.go:263.30,264.28 1 0
go.mamad.dev/telebot/http_client_type.go:265.30,266.28 1 0
go.mamad.dev/telebot/http_client_type.go:267.40,268.38 1 0
go.mamad.dev/telebot/http_client_type.go:269.35,270.33 1 0
go.mamad.dev/telebot/http_client_type.go:271.36,272.34 1 0
go.mamad.dev/telebot/http_client_type.go:273.37,274.35 1 0
go.mamad.dev/telebot/http_client_type.go:275.35,276.33 1 0
go.mamad.dev/telebot/http_client_type.go:277.37,278.35 1 0
go.mamad.dev/telebot/http_client_type.go:279.47,280.45 1 0
go.mamad.dev/telebot/http_client_type.go:281.33,282.31 1 0
go.mamad.dev/telebot/http_client_type.go:283.31,284.29 1 0
go.mamad.dev/telebot/http_client_type.go:285.27,286.25 1 0
go.mamad.dev/telebot/http_client_type.go:287.30,288.28 1 0
go.mamad.dev/telebot/http_client_type.go:289.27,290.25 1 0
go.mamad.dev/telebot/http_client_type.go:291.23,292.21 1 0
go.mamad.dev/telebot/http_client_type.go:293.23,294.21 1 0
go.mamad.dev/telebot/http_client_type.go:295.30,296.28 1 0
go.mamad.dev/telebot/http_client_type.go:297.30,298.28 1 0
go.mamad.dev/telebot/http_client_type.go:299.35,300.33 1 0
go.mamad.dev/telebot/http_client_type.go:301.35,302.33 1 0
go.mamad.dev/telebot/http_client_type.go:303.31,304.29 1 0
go.mamad.dev/telebot/http_client_type.go:305.31,306.29 1 0
go.mamad.dev/telebot/http_client_type.go:307.45,308.43 1 0
go.mamad.dev/telebot/http_client_type.go:309.45,310.43 1 0
go.mamad.dev/telebot/http_client_type.go:311.25,312.23 1 0
go.mamad.dev/telebot/http_client_type.go:313.27,314.25 1 0
go.mamad.dev/telebot/http_client_type.go:315.36,316.34 1 0
go.mamad.dev/telebot/http_client_type.go:317.31,318.29 1 0
go.mamad.dev/telebot/http_client_type.go:319.33,320.31 1 0
go.mamad.dev/telebot/http_client_type.go:321.29,322.27 1 0
go.mamad.dev/telebot/http_client_type.go:323.37,324.35 1 0
go.mamad.dev/telebot/http_client_type.go:325.34,326.32 1 0
go.mamad.dev/telebot/http_client_type.go:327.33,328.31 1 0
go.mamad.dev/telebot/http_client_type.go:329.32,330.30 1 0
go.mamad.dev/telebot/http_client_type.go:331.32,332.30 1 0
go.mamad.dev/telebot/http_client_type.go:333.36,334.34 1 0
go.mamad.dev/telebot/http_client_type.go:335.44,336.42 1 0
go.mamad.dev/telebot/http_client_type.go:337.30,338.28 1 0
go.mamad.dev/telebot/http_client_type.go:339.31,340.29 1 0
go.mamad.dev/telebot/http_client_type.go:341.31,342.29 1 0
go.mamad.dev/telebot/http_client_type.go:343.31,344.29 1 0
go.mamad.dev/telebot/http_client_type.go:345.25,346.23 1 0
go.mamad.dev/telebot/http_client_type.go:347.31,348.29 1 0
go.mamad.dev/telebot/http_client_type.go:349.33,350.31 1 0
go.mamad.dev/telebot/http_client_type.go:351.36,352.34 1 0
go.mamad.dev/telebot/http_client_type.go:353.35,354.33 1 0
go.mamad.dev/telebot/http_client_type.go:355.22,356.20 1 0
go.mamad.dev/telebot/http_client_type.go:357.26,358.24 1 0
go.mamad.dev/telebot/http_client_type.go:359.31,360.29 1 0
go.mamad.dev/telebot/http_client_type.go:361.10,362.35 1 0
go.mamad.dev/telebot/input_message_content.go:12.65,14.2 1 0
go.mamad.dev/telebot/input_message_content.go:16.68,18.2 1 0
go.mamad.dev/telebot/input_message_content.go:29.69,31.2 1 0
go.mamad.dev/telebot/input_message_content.go:33.72,35.2 1 0
go.mamad.dev/telebot/input_message_content.go:48.66,50.2 1 0
go.mamad.dev/telebot/input_message_content.go:52.69,54.2 1 0
go.mamad.dev/telebot/input_message_content.go:63.68,65.2 1 0
go.mamad.dev/telebot/input_message_content.go:67.71,69.2 1 0
go.mamad.dev/telebot/input_message_content.go:94.68,96.2 1 0
go.mamad.dev/telebot/input_message_content.go:98.71,100.2 1 0
go.mamad.dev/telebot/input_message_content.go:102.62,102.63 0 0
go.mamad.dev/telebot/input_message_content.go:103.62,103.63 0 0
go.mamad.dev/telebot/input_message_content.go:104.62,104.63 0 0
go.mamad.dev/telebot/input_message_content.go:105.62,105.63 0 0
go.mamad.dev/telebot/input_message_content.go:106.62,106.63 0 0
go.mamad.dev/telebot/json.go:5.48,7.2 1 1
go.mamad.dev/telebot/json.go:9.66,10.22 1 0
go.mamad.dev/telebot/json.go:10.22,12.3 1 0
go.mamad.dev/telebot/json.go:13.2,13.44 1 0
go.mamad.dev/telebot/json.go:16.59,18.2 1 0
go.mamad.dev/telebot/json.go:20.61,22.2 1 0
go.mamad.dev/telebot/json.go:24.46,26.2 1 0
go.mamad.dev/telebot/json.go:28.46,30.2 1 0
go.mamad.dev/telebot/json.go:34.48,41.48 3 0
go.mamad.dev/telebot/json.go:41.48,43.3 1 0
go.mamad.dev/telebot/json.go:44.2,44.12 1 0
go.mamad.dev/telebot/json.go:47.66,48.22 1 0
go.mamad.dev/telebot/json.go:48.22,50.3 1 0
go.mamad.dev/telebot/json.go:51.2,51.47 1 0
go.mamad.dev/telebot/json.go:54.59,61.48 3 1
go.mamad.dev/telebot/json.go:61.48,63.3 1 0
go.mamad.dev/telebot/json.go:64.2,64.12 1 1
go.mamad.dev/telebot/json.go:67.61,74.48 3 0
go.mamad.dev/telebot/json.go:74.48,76.3 1 0
go.mamad.dev/telebot/json.go:77.2,77.12 1 0
go.mamad.dev/telebot/json.go:80.46,87.48 3 1
go.mamad.dev/telebot/json.go:87.48,89.3 1 0
go.mamad.dev/telebot/json.go:90.2,90.12 1 1
go.mamad.dev/telebot/json.go:93.46,100.48 3 1
go.mamad.dev/telebot/json.go:100.48,102.3 1 0
go.mamad.dev/telebot/json.go:103.2,103.12 1 1
go.mamad.dev/telebot/markup.go:18.47,18.48 0 0
go.mamad.dev/telebot/markup.go:19.62,21.2 1 0
go.mamad.dev/telebot/markup.go:22.65,24.2 1 0
go.mamad.dev/telebot/media.go:46.52,47.35 1 0
go.mamad.dev/telebot/media.go:47.35,49.3 1 0
go.mamad.dev/telebot/media.go:51.2,51.24 1 0
go.mamad.dev/telebot/media.go:55.37,56.16 1 0
go.mamad.dev/telebot/media.go:57.27,63.38 6 0
go.mamad.dev/telebot/media.go:65.26,67.17 2 0
go.mamad.dev/telebot/media.go:69.23,74.38 5 0
go.mamad.dev/telebot/media.go:76.23,84.38 8 0
go.mamad.dev/telebot/media.go:86.23,92.38 6 0
go.mamad.dev/telebot/media.go:94.10,95.25 1 0
go.mamad.dev/telebot/media.go:98.2,98.12 1 0
go.mamad.dev/telebot/message.go:18.50,20.2 1 0
go.mamad.dev/telebot/message.go:22.57,24.2 1 1
go.mamad.dev/telebot/message.go:26.52,28.2 1 0
go.mamad.dev/telebot/message.go:41.52,42.22 1 0
go.mamad.dev/telebot/message.go:42.22,44.3 1 0
go.mamad.dev/telebot/message.go:45.2,45.39 1 0
go.mamad.dev/telebot/message.go:48.51,49.130 1 1
go.mamad.dev/telebot/message.go:49.130,51.3 1 1
go.mamad.dev/telebot/message.go:52.2,52.32 1 1
go.mamad.dev/telebot/message.go:52.32,54.3 1 1
go.mamad.dev/telebot/message.go:55.2,55.39 1 0
go.mamad.dev/telebot/message.go:58.50,60.2 1 0
go.mamad.dev/telebot/message.go:62.57,64.2 1 0
go.mamad.dev/telebot/message.go:66.56,68.16 2 1
go.mamad.dev/telebot/message.go:68.16,69.101 1 1
go.mamad.dev/telebot/message.go:71.2,71.35 1 1
go.mamad.dev/telebot/message.go:87.47,89.2 1 0
go.mamad.dev/telebot/message.go:91.46,92.15 1 0
go.mamad.dev/telebot/message.go:92.15,94.3 1 0
go.mamad.dev/telebot/message.go:95.2,95.12 1 0
go.mamad.dev/telebot/message.go:98.45,100.2 1 0
go.mamad.dev/telebot/message.go:102.52,104.2 1 0
go.mamad.dev/telebot/message.go:297.45,300.2 2 0
go.mamad.dev/telebot/message.go:302.44,303.15 1 1
go.mamad.dev/telebot/message.go:303.15,305.3 1 0
go.mamad.dev/telebot/message.go:307.2,307.12 1 1
go.mamad.dev/telebot/message.go:310.43,312.2 1 0
go.mamad.dev/telebot/message.go:314.50,316.2 1 0
go.mamad.dev/telebot/message_func.go:5.104,11.29 2 1
go.mamad.dev/telebot/message_func.go:11.29,12.26 1 0
go.mamad.dev/telebot/message_func.go:13.19,14.24 1 0
go.mamad.dev/telebot/message_func.go:16.17,17.23 1 0
go.mamad.dev/telebot/message_func.go:19.28,20.33 1 0
go.mamad.dev/telebot/message_func.go:22.25,23.30 1 0
go.mamad.dev/telebot/message_func.go:25.21,26.26 1 0
go.mamad.dev/telebot/message_func.go:28.15,29.13 1 0
go.mamad.dev/telebot/message_func.go:30.16,31.45 1 0
go.mamad.dev/telebot/message_func.go:33.19,34.40 1 0
go.mamad.dev/telebot/message_func.go:37.13,38.30 1 0
go.mamad.dev/telebot/message_func.go:40.11,41.41 1 0
go.mamad.dev/telebot/message_func.go:45.2,49.19 2 1
go.mamad.dev/telebot/message_func.go:49.19,52.3 1 0
go.mamad.dev/telebot/message_func.go:54.2,56.16 2 1
go.mamad.dev/telebot/message_func.go:56.16,58.3 1 0
go.mamad.dev/telebot/message_func.go:60.2,60.50 1 1
go.mamad.dev/telebot/message_func.go:60.50,62.3 1 0
go.mamad.dev/telebot/message_func.go:64.2,64.25 1 1
go.mamad.dev/telebot/methods.go:5.29,6.19 1 1
go.mamad.dev/telebot/methods.go:6.19,9.3 2 1
go.mamad.dev/telebot/methods.go:10.2,11.12 2 0
go.mamad.dev/telebot/methods.go:14.30,15.19 1 1
go.mamad.dev/telebot/methods.go:15.19,18.3 2 1
go.mamad.dev/telebot/methods.go:19.2,20.12 2 0
go.mamad.dev/telebot/middleware.go:7.70,8.35 1 0
go.mamad.dev/telebot/middleware.go:8.35,10.3 1 0
go.mamad.dev/telebot/middleware.go:11.2,11.10 1 0
go.mamad.dev/telebot/middleware.go:21.51,23.2 1 0
go.mamad.dev/telebot/middleware.go:27.74,29.2 1 0
go.mamad.dev/telebot/photo_func.go:5.95,11.33 2 0
go.mamad.dev/telebot/photo_func.go:11.33,12.29 1 0
go.mamad.dev/telebot/photo_func.go:13.25,14.23 1 0
go.mamad.dev/telebot/photo_func.go:15.16,16.22 1 0
go.mamad.dev/telebot/photo_func.go:17.15,18.23 1 0
go.mamad.dev/telebot/photo_func.go:19.19,20.24 1 0
go.mamad.dev/telebot/photo_func.go:21.17,22.23 1 0
go.mamad.dev/telebot/photo_func.go:23.21,24.26 1 0
go.mamad.dev/telebot/photo_func.go:26.15,27.13 1 0
go.mamad.dev/telebot/photo_func.go:28.16,29.45 1 0
go.mamad.dev/telebot/photo_func.go:30.19,31.35 1 0
go.mamad.dev/telebot/photo_func.go:32.20,33.36 1 0
go.mamad.dev/telebot/photo_func.go:36.11,37.41 1 0
go.mamad.dev/telebot/photo_func.go:41.2,46.16 3 0
go.mamad.dev/telebot/photo_func.go:46.16,48.3 1 0
go.mamad.dev/telebot/photo_func.go:50.2,50.50 1 0
go.mamad.dev/telebot/photo_func.go:50.50,52.3 1 0
go.mamad.dev/telebot/photo_func.go:54.2,54.25 1 0
go.mamad.dev/telebot/poller.go:30.72,31.6 1 0
go.mamad.dev/telebot/poller.go:31.6,32.10 1 0
go.mamad.dev/telebot/poller.go:33.15,34.10 1 0
go.mamad.dev/telebot/poller.go:35.11,35.11 0 0
go.mamad.dev/telebot/poller.go:38.3,39.17 2 0
go.mamad.dev/telebot/poller.go:39.17,41.12 2 0
go.mamad.dev/telebot/poller.go:44.3,44.34 1 0
go.mamad.dev/telebot/poller.go:44.34,47.4 2 0
go.mamad.dev/telebot/poller.go:63.88,68.2 1 0
go.mamad.dev/telebot/poller.go:71.78,72.20 1 0
go.mamad.dev/telebot/poller.go:72.20,74.3 1 0
go.mamad.dev/telebot/poller.go:76.2,80.12 4 0
go.mamad.dev/telebot/poller.go:80.12,83.3 2 0
go.mamad.dev/telebot/poller.go:85.2,85.6 1 0
go.mamad.dev/telebot/poller.go:85.6,86.10 1 0
go.mamad.dev/telebot/poller.go:87.15,90.10 3 0
go.mamad.dev/telebot/poller.go:91.24,92.22 1 0
go.mamad.dev/telebot/poller.go:92.22,94.5 1 0
go.mamad.dev/telebot/query.go:74.53,75.35 1 0
go.mamad.dev/telebot/query.go:75.35,77.3 1 0
go.mamad.dev/telebot/query.go:79.2,79.24 1 0
go.mamad.dev/telebot/query.go:83.38,84.16 1 0
go.mamad.dev/telebot/query.go:86.32,86.32 0 0
go.mamad.dev/telebot/query.go:88.10,89.37 1 0
go.mamad.dev/telebot/query.go:92.2,92.12 1 0
go.mamad.dev/telebot/reaction.go:33.57,35.2 1 0
go.mamad.dev/telebot/reaction.go:38.57,40.2 1 0
go.mamad.dev/telebot/reaction.go:42.43,45.2 2 0
go.mamad.dev/telebot/reaction.go:62.69,64.2 1 0
go.mamad.dev/telebot/reaction.go:67.69,69.2 1 0
go.mamad.dev/telebot/reaction.go:71.55,74.2 2 0
go.mamad.dev/telebot/reaction_func.go:5.89,12.33 2 0
go.mamad.dev/telebot/reaction_func.go:12.33,13.33 1 0
go.mamad.dev/telebot/reaction_func.go:14.21,16.9 2 0
go.mamad.dev/telebot/reaction_func.go:17.23,19.9 2 0
go.mamad.dev/telebot/reaction_func.go:20.13,21.24 1 0
go.mamad.dev/telebot/reaction_func.go:22.11,23.83 1 0
go.mamad.dev/telebot/reaction_func.go:27.2,28.12 2 0
go.mamad.dev/telebot/string.go:12.34,15.2 2 0
go.mamad.dev/telebot/string.go:17.32,20.13 3 0
go.mamad.dev/telebot/string.go:20.13,22.3 1 0
go.mamad.dev/telebot/string.go:23.2,23.90 1 0
go.mamad.dev/telebot/telebot.go:50.29,51.19 1 1
go.mamad.dev/telebot/telebot.go:51.19,52.38 1 0
go.mamad.dev/telebot/telebot.go:55.2,55.25 1 1
go.mamad.dev/telebot/telebot.go:55.25,57.3 1 1
go.mamad.dev/telebot/telebot.go:59.2,59.21 1 1
go.mamad.dev/telebot/telebot.go:59.21,61.3 1 1
go.mamad.dev/telebot/telebot.go:63.2,66.41 1 1
go.mamad.dev/telebot/telebot.go:66.41,67.21 1 0
go.mamad.dev/telebot/telebot.go:67.21,68.15 1 0
go.mamad.dev/telebot/telebot.go:83.2,84.20 2 1
go.mamad.dev/telebot/telebot.go:84.20,86.17 2 1
go.mamad.dev/telebot/telebot.go:86.17,87.70 1 0
go.mamad.dev/telebot/telebot.go:89.3,89.16 1 1
go.mamad.dev/telebot/telebot.go:92.2,92.10 1 1
go.mamad.dev/telebot/telebot.go:96.23,97.21 1 0
go.mamad.dev/telebot/telebot.go:97.21,98.87 1 0
go.mamad.dev/telebot/telebot.go:101.2,101.25 1 0
go.mamad.dev/telebot/telebot.go:101.25,103.3 1 0
go.mamad.dev/telebot/telebot.go:104.2,109.12 4 0
go.mamad.dev/telebot/telebot.go:109.12,112.3 2 0
go.mamad.dev/telebot/telebot.go:114.2,114.6 1 0
go.mamad.dev/telebot/telebot.go:114.6,115.10 1 0
go.mamad.dev/telebot/telebot.go:117.27,118.24 1 0
go.mamad.dev/telebot/telebot.go:120.28,124.22 4 0
go.mamad.dev/telebot/telebot.go:130.22,131.25 1 0
go.mamad.dev/telebot/telebot.go:131.25,133.3 1 0
go.mamad.dev/telebot/telebot.go:134.2,136.11 3 0
go.mamad.dev/telebot/telebot.go:140.32,141.55 1 0
go.mamad.dev/telebot/telebot.go:145.31,146.55 1 0
go.mamad.dev/telebot/telebot.go:150.43,152.2 1 0
go.mamad.dev/telebot/topic_func.go:5.62,7.16 2 0
go.mamad.dev/telebot/topic_func.go:7.16,9.3 1 0
go.mamad.dev/telebot/topic_func.go:11.2,15.27 3 0
go.mamad.dev/telebot/topic_func.go:18.100,24.33 2 0
go.mamad.dev/telebot/topic_func.go:24.33,25.29 1 0
go.mamad.dev/telebot/topic_func.go:26.18,27.24 1 0
go.mamad.dev/telebot/topic_func.go:28.20,29.32 1 0
go.mamad.dev/telebot/topic_func.go:30.11,31.45 1 0
go.mamad.dev/telebot/topic_func.go:35.2,39.16 3 0
go.mamad.dev/telebot/topic_func.go:39.16,41.3 1 0
go.mamad.dev/telebot/topic_func.go:42.2,43.28 2 0
go.mamad.dev/telebot/topic_func.go:46.85,52.33 2 0
go.mamad.dev/telebot/topic_func.go:52.33,53.29 1 0
go.mamad.dev/telebot/topic_func.go:54.15,55.19 1 0
go.mamad.dev/telebot/topic_func.go:56.20,57.32 1 0
go.mamad.dev/telebot/topic_func.go:58.11,59.45 1 0
go.mamad.dev/telebot/topic_func.go:63.2,64.12 2 0
go.mamad.dev/telebot/topic_func.go:67.70,75.2 3 0
go.mamad.dev/telebot/topic_func.go:77.71,85.2 3 0
go.mamad.dev/telebot/topic_func.go:87.71,95.2 3 0
go.mamad.dev/telebot/topic_func.go:97.81,105.2 3 0
go.mamad.dev/telebot/topic_func.go:107.74,115.2 3 0
go.mamad.dev/telebot/topic_func.go:117.62,124.2 3 0
go.mamad.dev/telebot/topic_func.go:126.63,133.2 3 0
go.mamad.dev/telebot/topic_func.go:135.61,142.2 3 0
go.mamad.dev/telebot/topic_func.go:144.63,151.2 3 0
go.mamad.dev/telebot/topic_func.go:153.73,160.2 3 0
go.mamad.dev/telebot/update.go:73.33,74.15 1 0
go.mamad.dev/telebot/update.go:74.15,76.3 1 0
go.mamad.dev/telebot/update.go:78.2,78.12 1 0
go.mamad.dev/telebot/update.go:81.32,83.2 1 0
go.mamad.dev/telebot/update.go:85.39,87.2 1 0
go.mamad.dev/telebot/update_func.go:15.108,16.19 1 0
go.mamad.dev/telebot/update_func.go:16.19,18.3 1 0
go.mamad.dev/telebot/update_func.go:19.2,24.22 2 0
go.mamad.dev/telebot/update_func.go:24.22,26.29 2 0
go.mamad.dev/telebot/update_func.go:26.29,28.4 1 0
go.mamad.dev/telebot/update_func.go:31.2,31.16 1 0
go.mamad.dev/telebot/update_func.go:31.16,33.3 1 0
go.mamad.dev/telebot/update_func.go:35.2,36.16 2 0
go.mamad.dev/telebot/update_func.go:36.16,38.3 1 0
go.mamad.dev/telebot/update_func.go:40.2,44.50 2 0
go.mamad.dev/telebot/update_func.go:44.50,46.3 1 0
go.mamad.dev/telebot/update_func.go:47.2,47.25 1 0
go.mamad.dev/telebot/update_handler.go:8.44,10.2 1 0
go.mamad.dev/telebot/update_handler.go:12.44,17.9 3 0
go.mamad.dev/telebot/update_handler.go:18.24,19.48 1 0
go.mamad.dev/telebot/update_handler.go:20.30,21.41 1 0
go.mamad.dev/telebot/update_handler.go:22.28,24.50 2 0
go.mamad.dev/telebot/update_handler.go:25.34,26.45 1 0
go.mamad.dev/telebot/update_handler.go:27.25,28.43 1 0
go.mamad.dev/telebot/update_handler.go:29.30,30.48 1 0
go.mamad.dev/telebot/update_handler.go:31.22,32.39 1 0
go.mamad.dev/telebot/update_handler.go:33.29,34.46 1 0
go.mamad.dev/telebot/update_handler.go:35.30,36.54 1 0
go.mamad.dev/telebot/update_handler.go:37.30,38.41 1 0
go.mamad.dev/telebot/update_handler.go:39.33,40.44 1 0
go.mamad.dev/telebot/update_handler.go:41.21,42.32 1 0
go.mamad.dev/telebot/update_handler.go:43.27,44.38 1 0
go.mamad.dev/telebot/update_handler.go:45.29,46.40 1 0
go.mamad.dev/telebot/update_handler.go:47.27,48.38 1 0
go.mamad.dev/telebot/update_handler.go:49.32,50.43 1 0
go.mamad.dev/telebot/update_handler.go:51.26,52.37 1 0
go.mamad.dev/telebot/update_handler.go:53.33,54.44 1 0
go.mamad.dev/telebot/update_handler.go:56.10,57.31 1 0
go.mamad.dev/telebot/update_handler.go:60.2,60.14 1 0
go.mamad.dev/telebot/update_handler.go:60.14,62.3 1 0
go.mamad.dev/telebot/update_handler.go:64.2,64.16 1 0
go.mamad.dev/telebot/update_handler.go:67.73,68.28 1 0
go.mamad.dev/telebot/update_handler.go:68.28,70.3 1 0
go.mamad.dev/telebot/update_handler.go:72.2,72.36 1 0
go.mamad.dev/telebot/update_handler.go:72.36,74.19 2 0
go.mamad.dev/telebot/update_handler.go:74.19,76.70 2 0
go.mamad.dev/telebot/update_handler.go:76.70,78.5 1 0
go.mamad.dev/telebot/update_handler.go:80.4,83.41 3 0
go.mamad.dev/telebot/update_handler.go:83.41,85.5 1 0
go.mamad.dev/telebot/update_handler.go:88.3,88.58 1 0
go.mamad.dev/telebot/update_handler.go:88.58,90.4 1 0
go.mamad.dev/telebot/update_handler.go:93.2,93.42 1 0
go.mamad.dev/telebot/update_handler.go:96.79,109.42 2 0
go.mamad.dev/telebot/update_handler.go:109.42,110.19 1 0
go.mamad.dev/telebot/update_handler.go:110.19,112.4 1 0
go.mamad.dev/telebot/update_handler.go:116.2,116.9 1 0
go.mamad.dev/telebot/update_handler.go:117.24,118.32 1 0
go.mamad.dev/telebot/update_handler.go:119.25,120.33 1 0
go.mamad.dev/telebot/update_handler.go:121.22,122.30 1 0
go.mamad.dev/telebot/update_handler.go:123.21,124.29 1 0
go.mamad.dev/telebot/update_handler.go:125.21,126.29 1 0
go.mamad.dev/telebot/update_handler.go:127.24,128.32 1 0
go.mamad.dev/telebot/update_handler.go:129.34,130.32 1 0
go.mamad.dev/telebot/update_handler.go:131.10,132.28 1 0
go.mamad.dev/telebot/update_handler.go:136.71,138.35 2 0
go.mamad.dev/telebot/update_handler.go:138.35,140.19 2 0
go.mamad.dev/telebot/update_handler.go:140.19,142.20 2 0
go.mamad.dev/telebot/update_handler.go:142.20,144.5 1 0
go.mamad.dev/telebot/update_handler.go:146.4,146.33 1 0
go.mamad.dev/telebot/update_handler.go:146.33,147.26 1 0
go.mamad.dev/telebot/update_handler.go:147.26,148.14 1 0
go.mamad.dev/telebot/update_handler.go:150.5,150.19 1 0
go.mamad.dev/telebot/update_handler.go:150.19,151.14 1 0
go.mamad.dev/telebot/update_handler.go:154.5,154.22 1 0
go.mamad.dev/telebot/update_handler.go:154.22,159.6 4 0
go.mamad.dev/telebot/update_handler.go:164.2,164.32 1 0
go.mamad.dev/telebot/update_handler_func.go:5.72,6.33 1 0
go.mamad.dev/telebot/update_handler_func.go:6.33,8.3 1 0
go.mamad.dev/telebot/update_handler_func.go:10.2,10.34 1 0
go.mamad.dev/telebot/update_handler_func.go:10.34,12.3 1 0
go.mamad.dev/telebot/update_handler_func.go:14.2,14.32 1 0
go.mamad.dev/telebot/update_handler_func.go:15.14,20.5 1 0
go.mamad.dev/telebot/update_handler_func.go:21.24,26.5 1 0
go.mamad.dev/telebot/update_handler_func.go:27.22,32.5 1 0
go.mamad.dev/telebot/update_handler_func.go:33.23,38.5 1 0
go.mamad.dev/telebot/update_handler_func.go:40.10,41.41 1 0
go.mamad.dev/telebot/update_handler_func.go:45.71,46.31 1 0
go.mamad.dev/telebot/update_handler_func.go:46.31,47.19 1 0
go.mamad.dev/telebot/update_handler_func.go:47.19,48.12 1 0
go.mamad.dev/telebot/update_handler_func.go:50.3,50.17 1 0
go.mamad.dev/telebot/update_handler_func.go:50.17,51.12 1 0
go.mamad.dev/telebot/update_handler_func.go:54.3,54.17 1 0
go.mamad.dev/telebot/update_handler_func.go:54.17,55.23 1 0
go.mamad.dev/telebot/update_handler_func.go:56.16,57.20 1 0
go.mamad.dev/telebot/update_handler_func.go:57.20,60.6 2 0
go.mamad.dev/telebot/update_handler_func.go:62.4,62.16 1 0
go.mamad.dev/telebot/update_handler_func.go:65.3,65.23 1 0
go.mamad.dev/telebot/update_handler_func.go:68.2,68.14 1 0
go.mamad.dev/telebot/update_handler_func.go:71.52,72.14 1 0
go.mamad.dev/telebot/update_handler_func.go:72.14,73.30 1 0
go.mamad.dev/telebot/update_handler_func.go:73.30,75.4 1 0
go.mamad.dev/telebot/update_handler_func.go:77.2,77.19 1 0
go.mamad.dev/telebot/update_handler_func.go:77.19,79.3 1 0
go.mamad.dev/telebot/update_handler_func.go:79.8,81.3 1 0
go.mamad.dev/telebot/update_type.go:30.38,31.12 1 0
go.mamad.dev/telebot/update_type.go:32.25,33.19 1 0
go.mamad.dev/telebot/update_type.go:34.31,35.26 1 0
go.mamad.dev/telebot/update_type.go:36.29,37.24 1 0
go.mamad.dev/telebot/update_type.go:38.35,39.31 1 0
go.mamad.dev/telebot/update_type.go:40.33,41.28 1 0
go.mamad.dev/telebot/update_type.go:42.38,43.34 1 0
go.mamad.dev/telebot/update_type.go:44.29,45.24 1 0
go.mamad.dev/telebot/update_type.go:46.36,47.32 1 0
go.mamad.dev/telebot/update_type.go:48.31,49.26 1 0
go.mamad.dev/telebot/update_type.go:50.31,51.26 1 0
go.mamad.dev/telebot/update_type.go:52.34,53.30 1 0
go.mamad.dev/telebot/update_type.go:54.22,55.16 1 0
go.mamad.dev/telebot/update_type.go:56.28,57.23 1 0
go.mamad.dev/telebot/update_type.go:58.30,59.26 1 0
go.mamad.dev/telebot/update_type.go:60.28,61.23 1 0
go.mamad.dev/telebot/update_type.go:62.33,63.29 1 0
go.mamad.dev/telebot/update_type.go:64.27,65.22 1 0
go.mamad.dev/telebot/update_type.go:66.34,67.30 1 0
go.mamad.dev/telebot/update_type.go:68.10,69.19 1 0
go.mamad.dev/telebot/update_type.go:74.42,75.9 1 0
go.mamad.dev/telebot/update_type.go:76.24,77.27 1 0
go.mamad.dev/telebot/update_type.go:79.30,80.33 1 0
go.mamad.dev/telebot/update_type.go:82.28,83.31 1 0
go.mamad.dev/telebot/update_type.go:85.34,86.37 1 0
go.mamad.dev/telebot/update_type.go:88.25,89.35 1 0
go.mamad.dev/telebot/update_type.go:91.30,92.40 1 0
go.mamad.dev/telebot/update_type.go:94.22,95.31 1 0
go.mamad.dev/telebot/update_type.go:97.29,98.38 1 0
go.mamad.dev/telebot/update_type.go:100.30,101.33 1 0
go.mamad.dev/telebot/update_type.go:103.30,104.33 1 0
go.mamad.dev/telebot/update_type.go:106.33,107.36 1 0
go.mamad.dev/telebot/update_type.go:109.21,110.24 1 0
go.mamad.dev/telebot/update_type.go:112.27,113.30 1 0
go.mamad.dev/telebot/update_type.go:115.29,116.32 1 0
go.mamad.dev/telebot/update_type.go:118.27,119.30 1 0
go.mamad.dev/telebot/update_type.go:121.32,122.35 1 0
go.mamad.dev/telebot/update_type.go:124.26,125.29 1 0
go.mamad.dev/telebot/update_type.go:127.33,128.36 1 0
go.mamad.dev/telebot/update_type.go:130.10,131.27 1 0
go.mamad.dev/telebot/user.go:48.31,49.15 1 0
go.mamad.dev/telebot/user.go:49.15,51.3 1 0
go.mamad.dev/telebot/user.go:53.2,53.12 1 0
go.mamad.dev/telebot/user.go:56.30,57.13 1 0
go.mamad.dev/telebot/user.go:57.13,59.3 1 0
go.mamad.dev/telebot/user.go:60.2,60.15 1 0
go.mamad.dev/telebot/user.go:63.37,65.2 1 0
go.mamad.dev/telebot/user.go:68.35,70.2 1 0
go.mamad.dev/telebot/util.go:5.27,7.2 1 0
go.mamad.dev/telebot/util.go:9.37,11.2 1 1
go.mamad.dev/telebot/video_func.go:8.95,14.33 2 0
go.mamad.dev/telebot/video_func.go:14.33,15.29 1 0
go.mamad.dev/telebot/video_func.go:16.25,17.23 1 0
go.mamad.dev/telebot/video_func.go:18.16,19.22 1 0
go.mamad.dev/telebot/video_func.go:20.15,21.23 1 0
go.mamad.dev/telebot/video_func.go:22.19,23.24 1 0
go.mamad.dev/telebot/video_func.go:24.17,25.23 1 0
go.mamad.dev/telebot/video_func.go:26.21,27.26 1 0
go.mamad.dev/telebot/video_func.go:29.22,30.45 1 0
go.mamad.dev/telebot/video_func.go:32.14,33.32 1 0
go.mamad.dev/telebot/video_func.go:35.15,36.33 1 0
go.mamad.dev/telebot/video_func.go:38.14,39.24 1 0
go.mamad.dev/telebot/video_func.go:41.15,42.13 1 0
go.mamad.dev/telebot/video_func.go:43.16,44.45 1 0
go.mamad.dev/telebot/video_func.go:45.19,46.35 1 0
go.mamad.dev/telebot/video_func.go:47.20,48.36 1 0
go.mamad.dev/telebot/video_func.go:49.20,50.36 1 0
go.mamad.dev/telebot/video_func.go:53.11,54.41 1 0
go.mamad.dev/telebot/video_func.go:58.2,63.16 3 0
go.mamad.dev/telebot/video_func.go:63.16,65.3 1 0
go.mamad.dev/telebot/video_func.go:67.2,67.50 1 0
go.mamad.dev/telebot/video_func.go:67.50,69.3 1 0
go.mamad.dev/telebot/video_func.go:71.2,71.25 1 0
go.mamad.dev/telebot/http/body.go:45.37,51.2 1 1
go.mamad.dev/telebot/http/body.go:58.46,60.2 1 1
go.mamad.dev/telebot/http/body.go:62.43,63.22 1 1
go.mamad.dev/telebot/http/body.go:64.14,69.5 2 1
go.mamad.dev/telebot/http/body.go:70.18,72.10 2 0
go.mamad.dev/telebot/http/body.go:73.20,74.28 1 0
go.mamad.dev/telebot/http/body.go:75.19,77.18 2 0
go.mamad.dev/telebot/http/body.go:77.18,78.40 1 0
go.mamad.dev/telebot/http/body.go:80.4,83.6 1 0
go.mamad.dev/telebot/http/body.go:84.33,86.18 2 0
go.mamad.dev/telebot/http/body.go:86.18,87.40 1 0
go.mamad.dev/telebot/http/body.go:90.4,93.6 1 0
go.mamad.dev/telebot/http/body.go:95.29,96.29 1 0
go.mamad.dev/telebot/http/body.go:98.11,99.60 1 0
go.mamad.dev/telebot/http/body.go:102.10,103.19 1 1
go.mamad.dev/telebot/http/body.go:107.36,109.2 1 1
go.mamad.dev/telebot/http/body.go:111.35,113.2 1 1
go.mamad.dev/telebot/http/body.go:115.45,116.13 1 1
go.mamad.dev/telebot/http/body.go:116.13,118.3 1 1
go.mamad.dev/telebot/http/body.go:120.2,120.16 1 1
go.mamad.dev/telebot/http/body.go:120.16,123.29 2 1
go.mamad.dev/telebot/http/body.go:123.29,125.18 2 1
go.mamad.dev/telebot/http/body.go:125.18,126.47 1 0
go.mamad.dev/telebot/http/body.go:128.4,128.29 1 1
go.mamad.dev/telebot/http/body.go:131.3,132.45 2 1
go.mamad.dev/telebot/http/body.go:135.2,136.16 2 1
go.mamad.dev/telebot/http/body.go:136.16,137.41 1 0
go.mamad.dev/telebot/http/body.go:139.2,139.47 1 1
go.mamad.dev/telebot/http/body.go:142.27,143.16 1 1
go.mamad.dev/telebot/http/body.go:143.16,144.33 1 0
go.mamad.dev/telebot/http/http.go:23.66,24.19 1 1
go.mamad.dev/telebot/http/http.go:24.19,27.10 3 1
go.mamad.dev/telebot/http/http.go:27.10,29.4 1 0
go.mamad.dev/telebot/http/http.go:31.2,38.3 1 1
go.mamad.dev/telebot/http/request.go:9.68,11.2 1 1
go.mamad.dev/telebot/http/request.go:13.96,16.16 3 1
go.mamad.dev/telebot/http/request.go:16.16,18.3 1 0
go.mamad.dev/telebot/http/request.go:19.2,20.16 2 1
go.mamad.dev/telebot/http/request.go:20.16,22.3 1 0
go.mamad.dev/telebot/http/request.go:23.2,25.16 3 1
go.mamad.dev/telebot/http/request.go:25.16,27.3 1 0
go.mamad.dev/telebot/http/request.go:28.2,30.18 3 1
go.mamad.dev/telebot/http/request.go:33.119,37.2 3 1
go.mamad.dev/telebot/middleware/logger.go:12.56,14.21 2 0
go.mamad.dev/telebot/middleware/logger.go:14.21,16.3 1 0
go.mamad.dev/telebot/middleware/logger.go:16.8,18.3 1 0
go.mamad.dev/telebot/middleware/logger.go:20.2,20.54 1 0
go.mamad.dev/telebot/middleware/logger.go:20.54,21.37 1 0
go.mamad.dev/telebot/middleware/logger.go:21.37,25.4 3 0
go.mamad.dev/telebot/middleware/middleware.go:43.58,44.54 1 0
go.mamad.dev/telebot/middleware/middleware.go:44.54,45.37 1 0
go.mamad.dev/telebot/middleware/middleware.go:45.37,47.24 2 0
go.mamad.dev/telebot/middleware/middleware.go:47.24,49.5 1 0
go.mamad.dev/telebot/middleware/middleware.go:49.10,50.25 1 0
go.mamad.dev/telebot/middleware/middleware.go:50.25,52.6 1 0
go.mamad.dev/telebot/middleware/middleware.go:55.4,55.17 1 0
go.mamad.dev/telebot/middleware/middleware.go:55.17,56.33 1 0
go.mamad.dev/telebot/middleware/middleware.go:56.33,57.28 1 0
go.mamad.dev/telebot/middleware/middleware.go:58.17,59.12 1 0
go.mamad.dev/telebot/middleware/middleware.go:60.18,61.24 1 0
go.mamad.dev/telebot/middleware/middleware.go:66.4,66.18 1 0
